<?xml version="1.0" encoding="UTF-8"?>
<!-- Generated by org.testng.reporters.JUnitReportReporter -->
<testsuite hostname="LAPTOP-1D8K0B0C" failures="0" tests="1" name="com.pageobject.Tests.StandAloneTest3" time="66.836" errors="0" timestamp="2024-01-22T16:15:21 IST" skipped="0">
  <testcase classname="com.pageobject.Tests.StandAloneTest3" name="EndtoEndTest" time="66.836"/>
  <system-out/>
</testsuite> <!-- com.pageobject.Tests.StandAloneTest3 -->
