<?xml version="1.0" encoding="UTF-8"?>
<!-- Generated by org.testng.reporters.JUnitReportReporter -->
<testsuite hostname="LAPTOP-1D8K0B0C" failures="0" tests="3" name="com.pageobject.Tests.LinkTests" time="251.812" errors="0" timestamp="2024-01-22T16:15:21 IST" skipped="0">
  <testcase classname="com.pageobject.Tests.LinkTests" name="linkStatusCodeTest" time="36.530"/>
  <system-out/>
  <testcase classname="com.pageobject.Tests.LinkTests" name="linkOpeningTest" time="17.215"/>
  <system-out/>
  <testcase classname="com.pageobject.Tests.LinkTests" name="linkTitleVerifyTest" time="198.067"/>
  <system-out/>
</testsuite> <!-- com.pageobject.Tests.LinkTests -->
