<?xml version="1.0" encoding="UTF-8"?>
<!-- Generated by org.testng.reporters.JUnitReportReporter -->
<testsuite hostname="LAPTOP-1D8K0B0C" failures="0" tests="1" name="com.pageobject.Project.StandAloneTest2" time="69.585" errors="0" timestamp="2024-01-02T21:43:58 IST" skipped="0">
  <testcase classname="com.pageobject.Project.StandAloneTest2" name="Test" time="69.585"/>
  <system-out/>
</testsuite> <!-- com.pageobject.Project.StandAloneTest2 -->
