<?xml version="1.0" encoding="UTF-8"?>
<!-- Generated by org.testng.reporters.JUnitReportReporter -->
<testsuite hostname="LAPTOP-1D8K0B0C" failures="0" tests="3" name="com.pageobject.Project.StandAloneTest3" time="197.987" errors="0" timestamp="2024-01-02T23:40:15 IST" skipped="0">
  <testcase classname="com.pageobject.Project.StandAloneTest3" name="EndtoEndTest" time="67.136"/>
  <system-out/>
  <testcase classname="com.pageobject.Project.StandAloneTest3" name="EndtoEndTest" time="72.523"/>
  <system-out/>
  <testcase classname="com.pageobject.Project.StandAloneTest3" name="EndtoEndTest" time="58.328"/>
  <system-out/>
</testsuite> <!-- com.pageobject.Project.StandAloneTest3 -->
